android/app/build/intermediates/manifest_merge_blame_file/debug/manifest-merger-blame-debug-report.txt
1<?xml version="1.0" encoding="utf-8"?>
2<manifest xmlns:android="http://schemas.android.com/apk/res/android"
3    package="com.kinengodriver"
4    android:versionCode="1"
5    android:versionName="1.0" >
6
7    <uses-sdk
8        android:minSdkVersion="21"
9        android:targetSdkVersion="33" />
10
11    <uses-permission android:name="android.permission.SYSTEM_ALERT_WINDOW" />
11-->src\debug\AndroidManifest.xml:5:5-77
11-->src\debug\AndroidManifest.xml:5:22-75
12    <uses-permission android:name="android.permission.VIBRATE" />
12-->src\main\AndroidManifest.xml:3:5-66
12-->src\main\AndroidManifest.xml:3:22-63
13    <uses-permission android:name="android.permission.INTERNET" />
13-->src\main\AndroidManifest.xml:4:5-67
13-->src\main\AndroidManifest.xml:4:22-64
14    <uses-permission android:name="android.permission.CAMERA" />
14-->src\main\AndroidManifest.xml:5:5-64
14-->src\main\AndroidManifest.xml:5:22-62
15    <uses-permission android:name="android.permission.WRITE_EXTERNAL_STORAGE" />
15-->src\main\AndroidManifest.xml:6:5-80
15-->src\main\AndroidManifest.xml:6:22-78
16    <uses-permission android:name="android.permission.READ_EXTERNAL_STORAGE" />
16-->src\main\AndroidManifest.xml:7:5-79
16-->src\main\AndroidManifest.xml:7:22-77
17    <uses-permission android:name="android.permission.RECORD_AUDIO" />
17-->src\main\AndroidManifest.xml:8:5-70
17-->src\main\AndroidManifest.xml:8:22-68
18    <uses-permission android:name="android.permission.READ_PHONE_STATE" />
18-->src\main\AndroidManifest.xml:9:5-75
18-->src\main\AndroidManifest.xml:9:22-72
19    <uses-permission android:name="android.permission.WRITE_INTERNAL_STORAGE" />
19-->src\main\AndroidManifest.xml:10:5-80
19-->src\main\AndroidManifest.xml:10:22-78
20    <uses-permission android:name="android.permission.ACCESS_FINE_LOCATION" />
20-->src\main\AndroidManifest.xml:11:5-78
20-->src\main\AndroidManifest.xml:11:22-76
21    <uses-permission android:name="android.permission.ACCESS_COARSE_LOCATION" />
21-->src\main\AndroidManifest.xml:12:5-80
21-->src\main\AndroidManifest.xml:12:22-78
22    <uses-permission android:name="android.permission.DOWNLOAD_WITHOUT_NOTIFICATION" />
22-->src\main\AndroidManifest.xml:13:5-88
22-->src\main\AndroidManifest.xml:13:22-85
23    <uses-permission android:name="android.permission.ACCESS_NETWORK_STATE" />
23-->src\main\AndroidManifest.xml:14:5-79
23-->src\main\AndroidManifest.xml:14:22-76
24    <uses-permission android:name="android.permission.USE_BIOMETRIC" />
24-->src\main\AndroidManifest.xml:15:5-72
24-->src\main\AndroidManifest.xml:15:22-69
25    <uses-permission android:name="android.permission.USE_FINGERPRINT" />
25-->src\main\AndroidManifest.xml:16:5-74
25-->src\main\AndroidManifest.xml:16:22-71
26    <uses-permission android:name="android.permission.ACCESS_WIFI_STATE" />
26-->[com.facebook.flipper:flipper:0.125.0] AndroidManifest.xml:16:5-76
26-->[com.facebook.flipper:flipper:0.125.0] AndroidManifest.xml:16:22-73
27    <uses-permission android:name="android.permission.WAKE_LOCK" />
27-->[:react-native-firebase_auth] AndroidManifest.xml:10:5-68
27-->[:react-native-firebase_auth] AndroidManifest.xml:10:22-65
28    <uses-permission android:name="android.permission.RECEIVE_BOOT_COMPLETED" />
28-->[androidx.work:work-runtime:2.7.1] AndroidManifest.xml:27:5-81
28-->[androidx.work:work-runtime:2.7.1] AndroidManifest.xml:27:22-78
29    <uses-permission android:name="android.permission.FOREGROUND_SERVICE" />
29-->[androidx.work:work-runtime:2.7.1] AndroidManifest.xml:28:5-77
29-->[androidx.work:work-runtime:2.7.1] AndroidManifest.xml:28:22-74
30
31    <uses-feature
31-->[com.google.android.gms:play-services-maps:18.0.2] AndroidManifest.xml:26:5-28:35
32        android:glEsVersion="0x00020000"
32-->[com.google.android.gms:play-services-maps:18.0.2] AndroidManifest.xml:27:9-41
33        android:required="true" />
33-->[com.google.android.gms:play-services-maps:18.0.2] AndroidManifest.xml:28:9-32
34
35    <queries>
35-->[com.google.android.gms:play-services-maps:18.0.2] AndroidManifest.xml:30:5-34:15
36
37        <!-- Needs to be explicitly declared on Android R+ -->
38        <package android:name="com.google.android.apps.maps" />
38-->[com.google.android.gms:play-services-maps:18.0.2] AndroidManifest.xml:33:9-64
38-->[com.google.android.gms:play-services-maps:18.0.2] AndroidManifest.xml:33:18-61
39    </queries>
40
41    <uses-permission android:name="android.permission.POST_NOTIFICATIONS" /> <!-- Required by older versions of Google Play services to create IID tokens -->
41-->[com.google.firebase:firebase-messaging:23.1.1] AndroidManifest.xml:25:5-77
41-->[com.google.firebase:firebase-messaging:23.1.1] AndroidManifest.xml:25:22-74
42    <uses-permission android:name="com.google.android.c2dm.permission.RECEIVE" /> <!-- for android -->
42-->[com.google.firebase:firebase-messaging:23.1.1] AndroidManifest.xml:28:5-82
42-->[com.google.firebase:firebase-messaging:23.1.1] AndroidManifest.xml:28:22-79
43    <!-- <uses-permission android:name="com.android.launcher.permission.READ_SETTINGS"/> -->
44    <!-- <uses-permission android:name="com.android.launcher.permission.WRITE_SETTINGS"/> -->
45    <!-- <uses-permission android:name="com.android.launcher.permission.INSTALL_SHORTCUT" /> -->
46    <!-- <uses-permission android:name="com.android.launcher.permission.UNINSTALL_SHORTCUT" /> -->
47    <!-- for Samsung -->
48    <uses-permission android:name="com.sec.android.provider.badge.permission.READ" />
48-->[me.leolin:ShortcutBadger:1.1.22] AndroidManifest.xml:19:5-86
48-->[me.leolin:ShortcutBadger:1.1.22] AndroidManifest.xml:19:22-83
49    <uses-permission android:name="com.sec.android.provider.badge.permission.WRITE" /> <!-- for htc -->
49-->[me.leolin:ShortcutBadger:1.1.22] AndroidManifest.xml:20:5-87
49-->[me.leolin:ShortcutBadger:1.1.22] AndroidManifest.xml:20:22-84
50    <uses-permission android:name="com.htc.launcher.permission.READ_SETTINGS" />
50-->[me.leolin:ShortcutBadger:1.1.22] AndroidManifest.xml:23:5-81
50-->[me.leolin:ShortcutBadger:1.1.22] AndroidManifest.xml:23:22-78
51    <uses-permission android:name="com.htc.launcher.permission.UPDATE_SHORTCUT" /> <!-- for sony -->
51-->[me.leolin:ShortcutBadger:1.1.22] AndroidManifest.xml:24:5-83
51-->[me.leolin:ShortcutBadger:1.1.22] AndroidManifest.xml:24:22-80
52    <uses-permission android:name="com.sonyericsson.home.permission.BROADCAST_BADGE" />
52-->[me.leolin:ShortcutBadger:1.1.22] AndroidManifest.xml:27:5-88
52-->[me.leolin:ShortcutBadger:1.1.22] AndroidManifest.xml:27:22-85
53    <uses-permission android:name="com.sonymobile.home.permission.PROVIDER_INSERT_BADGE" /> <!-- for apex -->
53-->[me.leolin:ShortcutBadger:1.1.22] AndroidManifest.xml:28:5-92
53-->[me.leolin:ShortcutBadger:1.1.22] AndroidManifest.xml:28:22-89
54    <uses-permission android:name="com.anddoes.launcher.permission.UPDATE_COUNT" /> <!-- for solid -->
54-->[me.leolin:ShortcutBadger:1.1.22] AndroidManifest.xml:31:5-84
54-->[me.leolin:ShortcutBadger:1.1.22] AndroidManifest.xml:31:22-81
55    <uses-permission android:name="com.majeur.launcher.permission.UPDATE_BADGE" /> <!-- for huawei -->
55-->[me.leolin:ShortcutBadger:1.1.22] AndroidManifest.xml:34:5-83
55-->[me.leolin:ShortcutBadger:1.1.22] AndroidManifest.xml:34:22-80
56    <uses-permission android:name="com.huawei.android.launcher.permission.CHANGE_BADGE" />
56-->[me.leolin:ShortcutBadger:1.1.22] AndroidManifest.xml:37:5-91
56-->[me.leolin:ShortcutBadger:1.1.22] AndroidManifest.xml:37:22-88
57    <uses-permission android:name="com.huawei.android.launcher.permission.READ_SETTINGS" />
57-->[me.leolin:ShortcutBadger:1.1.22] AndroidManifest.xml:38:5-92
57-->[me.leolin:ShortcutBadger:1.1.22] AndroidManifest.xml:38:22-89
58    <uses-permission android:name="com.huawei.android.launcher.permission.WRITE_SETTINGS" /> <!-- for ZUK -->
58-->[me.leolin:ShortcutBadger:1.1.22] AndroidManifest.xml:39:5-93
58-->[me.leolin:ShortcutBadger:1.1.22] AndroidManifest.xml:39:22-90
59    <uses-permission android:name="android.permission.READ_APP_BADGE" /> <!-- for OPPO -->
59-->[me.leolin:ShortcutBadger:1.1.22] AndroidManifest.xml:42:5-73
59-->[me.leolin:ShortcutBadger:1.1.22] AndroidManifest.xml:42:22-70
60    <uses-permission android:name="com.oppo.launcher.permission.READ_SETTINGS" />
60-->[me.leolin:ShortcutBadger:1.1.22] AndroidManifest.xml:45:5-82
60-->[me.leolin:ShortcutBadger:1.1.22] AndroidManifest.xml:45:22-79
61    <uses-permission android:name="com.oppo.launcher.permission.WRITE_SETTINGS" /> <!-- for EvMe -->
61-->[me.leolin:ShortcutBadger:1.1.22] AndroidManifest.xml:46:5-83
61-->[me.leolin:ShortcutBadger:1.1.22] AndroidManifest.xml:46:22-80
62    <uses-permission android:name="me.everything.badger.permission.BADGE_COUNT_READ" />
62-->[me.leolin:ShortcutBadger:1.1.22] AndroidManifest.xml:49:5-88
62-->[me.leolin:ShortcutBadger:1.1.22] AndroidManifest.xml:49:22-85
63    <uses-permission android:name="me.everything.badger.permission.BADGE_COUNT_WRITE" />
63-->[me.leolin:ShortcutBadger:1.1.22] AndroidManifest.xml:50:5-89
63-->[me.leolin:ShortcutBadger:1.1.22] AndroidManifest.xml:50:22-86
64
65    <application
65-->src\main\AndroidManifest.xml:17:5-39:19
66        android:name="com.kinengodriver.MainApplication"
66-->src\main\AndroidManifest.xml:18:7-38
67        android:allowBackup="false"
67-->src\main\AndroidManifest.xml:22:7-34
68        android:appComponentFactory="androidx.core.app.CoreComponentFactory"
68-->[androidx.core:core:1.7.0] AndroidManifest.xml:24:18-86
69        android:debuggable="true"
70        android:icon="@mipmap/ic_launcher"
70-->src\main\AndroidManifest.xml:20:7-41
71        android:label="@string/app_name"
71-->src\main\AndroidManifest.xml:19:7-39
72        android:roundIcon="@mipmap/ic_launcher_round"
72-->src\main\AndroidManifest.xml:21:7-52
73        android:theme="@style/AppTheme"
73-->src\main\AndroidManifest.xml:23:7-38
74        android:usesCleartextTraffic="true" >
74-->src\debug\AndroidManifest.xml:8:9-44
75        <activity
75-->src\debug\AndroidManifest.xml:11:9-111
76            android:name="com.facebook.react.devsupport.DevSettingsActivity"
76-->src\debug\AndroidManifest.xml:11:19-83
77            android:exported="false" />
77-->src\debug\AndroidManifest.xml:11:84-108
78
79        <meta-data
79-->src\main\AndroidManifest.xml:24:10-26:63
80            android:name="com.google.android.geo.API_KEY"
80-->src\main\AndroidManifest.xml:25:6-51
81            android:value="AIzaSyDBeSqFBgF2V-IXmJdeTM3ZZUYG_5nKm-g" />
81-->src\main\AndroidManifest.xml:26:6-61
82
83        <activity
83-->src\main\AndroidManifest.xml:27:7-38:18
84            android:name="com.kinengodriver.MainActivity"
84-->src\main\AndroidManifest.xml:28:9-37
85            android:configChanges="keyboard|keyboardHidden|orientation|screenLayout|screenSize|smallestScreenSize|uiMode"
85-->src\main\AndroidManifest.xml:30:9-118
86            android:exported="true"
86-->src\main\AndroidManifest.xml:33:9-32
87            android:label="@string/app_name"
87-->src\main\AndroidManifest.xml:29:9-41
88            android:launchMode="singleTask"
88-->src\main\AndroidManifest.xml:31:9-40
89            android:windowSoftInputMode="adjustResize" >
89-->src\main\AndroidManifest.xml:32:9-51
90            <intent-filter>
90-->src\main\AndroidManifest.xml:34:9-37:25
91                <action android:name="android.intent.action.MAIN" />
91-->src\main\AndroidManifest.xml:35:13-65
91-->src\main\AndroidManifest.xml:35:21-62
92
93                <category android:name="android.intent.category.LAUNCHER" />
93-->src\main\AndroidManifest.xml:36:13-73
93-->src\main\AndroidManifest.xml:36:23-70
94            </intent-filter>
95        </activity>
96
97        <service
97-->[:react-native-firebase_messaging] AndroidManifest.xml:14:9-16:40
98            android:name="io.invertase.firebase.messaging.ReactNativeFirebaseMessagingHeadlessService"
98-->[:react-native-firebase_messaging] AndroidManifest.xml:15:13-103
99            android:exported="false" />
99-->[:react-native-firebase_messaging] AndroidManifest.xml:16:13-37
100        <service
100-->[:react-native-firebase_messaging] AndroidManifest.xml:17:9-23:19
101            android:name="io.invertase.firebase.messaging.ReactNativeFirebaseMessagingService"
101-->[:react-native-firebase_messaging] AndroidManifest.xml:18:13-95
102            android:exported="false" >
102-->[:react-native-firebase_messaging] AndroidManifest.xml:19:13-37
103            <intent-filter>
103-->[:react-native-firebase_messaging] AndroidManifest.xml:20:13-22:29
104                <action android:name="com.google.firebase.MESSAGING_EVENT" />
104-->[:react-native-firebase_messaging] AndroidManifest.xml:21:17-78
104-->[:react-native-firebase_messaging] AndroidManifest.xml:21:25-75
105            </intent-filter>
106        </service>
107
108        <receiver
108-->[:react-native-firebase_messaging] AndroidManifest.xml:25:9-32:20
109            android:name="io.invertase.firebase.messaging.ReactNativeFirebaseMessagingReceiver"
109-->[:react-native-firebase_messaging] AndroidManifest.xml:26:13-96
110            android:exported="true"
110-->[:react-native-firebase_messaging] AndroidManifest.xml:27:13-36
111            android:permission="com.google.android.c2dm.permission.SEND" >
111-->[:react-native-firebase_messaging] AndroidManifest.xml:28:13-73
112            <intent-filter>
112-->[:react-native-firebase_messaging] AndroidManifest.xml:29:13-31:29
113                <action android:name="com.google.android.c2dm.intent.RECEIVE" />
113-->[:react-native-firebase_messaging] AndroidManifest.xml:30:17-81
113-->[:react-native-firebase_messaging] AndroidManifest.xml:30:25-78
114            </intent-filter>
115        </receiver>
116
117        <meta-data
117-->[:react-native-firebase_messaging] AndroidManifest.xml:34:9-36:36
118            android:name="firebase_messaging_auto_init_enabled"
118-->[:react-native-firebase_messaging] AndroidManifest.xml:35:13-64
119            android:value="true" />
119-->[:react-native-firebase_messaging] AndroidManifest.xml:36:13-33
120        <meta-data
120-->[:react-native-firebase_messaging] AndroidManifest.xml:37:9-39:32
121            android:name="com.google.firebase.messaging.default_notification_channel_id"
121-->[:react-native-firebase_messaging] AndroidManifest.xml:38:13-89
122            android:value="" />
122-->[:react-native-firebase_messaging] AndroidManifest.xml:39:13-29
123        <meta-data
123-->[:react-native-firebase_messaging] AndroidManifest.xml:40:9-42:47
124            android:name="com.google.firebase.messaging.default_notification_color"
124-->[:react-native-firebase_messaging] AndroidManifest.xml:41:13-84
125            android:resource="@color/white" />
125-->[:react-native-firebase_messaging] AndroidManifest.xml:42:13-44
126        <meta-data
126-->[:react-native-firebase_app] AndroidManifest.xml:11:9-13:36
127            android:name="app_data_collection_default_enabled"
127-->[:react-native-firebase_app] AndroidManifest.xml:12:13-63
128            android:value="true" />
128-->[:react-native-firebase_app] AndroidManifest.xml:13:13-33
129
130        <service
130-->[:react-native-firebase_app] AndroidManifest.xml:15:9-23:19
131            android:name="com.google.firebase.components.ComponentDiscoveryService"
131-->[:react-native-firebase_app] AndroidManifest.xml:16:13-84
132            android:directBootAware="true"
132-->[:react-native-firebase_app] AndroidManifest.xml:17:13-43
133            android:exported="false" >
133-->[:react-native-firebase_app] AndroidManifest.xml:18:13-37
134            <meta-data
134-->[:react-native-firebase_app] AndroidManifest.xml:20:13-22:85
135                android:name="com.google.firebase.components:io.invertase.firebase.app.ReactNativeFirebaseAppRegistrar"
135-->[:react-native-firebase_app] AndroidManifest.xml:21:17-120
136                android:value="com.google.firebase.components.ComponentRegistrar" />
136-->[:react-native-firebase_app] AndroidManifest.xml:22:17-82
137            <meta-data
137-->[com.google.firebase:firebase-firestore:24.4.1] AndroidManifest.xml:19:13-21:85
138                android:name="com.google.firebase.components:com.google.firebase.firestore.FirestoreRegistrar"
138-->[com.google.firebase:firebase-firestore:24.4.1] AndroidManifest.xml:20:17-111
139                android:value="com.google.firebase.components.ComponentRegistrar" />
139-->[com.google.firebase:firebase-firestore:24.4.1] AndroidManifest.xml:21:17-82
140            <meta-data
140-->[com.google.firebase:firebase-messaging:23.1.1] AndroidManifest.xml:55:13-57:85
141                android:name="com.google.firebase.components:com.google.firebase.messaging.FirebaseMessagingRegistrar"
141-->[com.google.firebase:firebase-messaging:23.1.1] AndroidManifest.xml:56:17-119
142                android:value="com.google.firebase.components.ComponentRegistrar" />
142-->[com.google.firebase:firebase-messaging:23.1.1] AndroidManifest.xml:57:17-82
143            <meta-data
143-->[com.google.firebase:firebase-dynamic-links:21.1.0] AndroidManifest.xml:26:13-28:85
144                android:name="com.google.firebase.components:com.google.firebase.dynamiclinks.internal.FirebaseDynamicLinkRegistrar"
144-->[com.google.firebase:firebase-dynamic-links:21.1.0] AndroidManifest.xml:27:17-133
145                android:value="com.google.firebase.components.ComponentRegistrar" />
145-->[com.google.firebase:firebase-dynamic-links:21.1.0] AndroidManifest.xml:28:17-82
146            <meta-data
146-->[com.google.firebase:firebase-storage:20.1.0] AndroidManifest.xml:32:13-34:85
147                android:name="com.google.firebase.components:com.google.firebase.storage.StorageRegistrar"
147-->[com.google.firebase:firebase-storage:20.1.0] AndroidManifest.xml:33:17-107
148                android:value="com.google.firebase.components.ComponentRegistrar" />
148-->[com.google.firebase:firebase-storage:20.1.0] AndroidManifest.xml:34:17-82
149            <meta-data
149-->[com.google.firebase:firebase-database:20.1.0] AndroidManifest.xml:31:13-33:85
150                android:name="com.google.firebase.components:com.google.firebase.database.DatabaseRegistrar"
150-->[com.google.firebase:firebase-database:20.1.0] AndroidManifest.xml:32:17-109
151                android:value="com.google.firebase.components.ComponentRegistrar" />
151-->[com.google.firebase:firebase-database:20.1.0] AndroidManifest.xml:33:17-82
152            <meta-data
152-->[com.google.firebase:firebase-auth:21.1.0] AndroidManifest.xml:67:13-69:85
153                android:name="com.google.firebase.components:com.google.firebase.auth.FirebaseAuthRegistrar"
153-->[com.google.firebase:firebase-auth:21.1.0] AndroidManifest.xml:68:17-109
154                android:value="com.google.firebase.components.ComponentRegistrar" />
154-->[com.google.firebase:firebase-auth:21.1.0] AndroidManifest.xml:69:17-82
155            <meta-data
155-->[com.google.firebase:firebase-datatransport:18.1.7] AndroidManifest.xml:27:13-29:85
156                android:name="com.google.firebase.components:com.google.firebase.datatransport.TransportRegistrar"
156-->[com.google.firebase:firebase-datatransport:18.1.7] AndroidManifest.xml:28:17-115
157                android:value="com.google.firebase.components.ComponentRegistrar" />
157-->[com.google.firebase:firebase-datatransport:18.1.7] AndroidManifest.xml:29:17-82
158            <meta-data
158-->[com.google.firebase:firebase-installations:17.1.0] AndroidManifest.xml:17:13-19:85
159                android:name="com.google.firebase.components:com.google.firebase.installations.FirebaseInstallationsRegistrar"
159-->[com.google.firebase:firebase-installations:17.1.0] AndroidManifest.xml:18:17-127
160                android:value="com.google.firebase.components.ComponentRegistrar" />
160-->[com.google.firebase:firebase-installations:17.1.0] AndroidManifest.xml:19:17-82
161        </service>
162
163        <provider
163-->[:react-native-firebase_app] AndroidManifest.xml:25:9-29:38
164            android:name="io.invertase.firebase.app.ReactNativeFirebaseAppInitProvider"
164-->[:react-native-firebase_app] AndroidManifest.xml:26:13-88
165            android:authorities="com.kinengodriver.reactnativefirebaseappinitprovider"
165-->[:react-native-firebase_app] AndroidManifest.xml:27:13-86
166            android:exported="false"
166-->[:react-native-firebase_app] AndroidManifest.xml:28:13-37
167            android:initOrder="99" />
167-->[:react-native-firebase_app] AndroidManifest.xml:29:13-35
168        <provider
168-->[:react-native-image-picker] AndroidManifest.xml:10:9-18:20
169            android:name="com.imagepicker.ImagePickerProvider"
169-->[:react-native-image-picker] AndroidManifest.xml:11:13-63
170            android:authorities="com.kinengodriver.imagepickerprovider"
170-->[:react-native-image-picker] AndroidManifest.xml:12:13-71
171            android:exported="false"
171-->[:react-native-image-picker] AndroidManifest.xml:13:13-37
172            android:grantUriPermissions="true" >
172-->[:react-native-image-picker] AndroidManifest.xml:14:13-47
173            <meta-data
173-->[:react-native-image-picker] AndroidManifest.xml:15:13-17:70
174                android:name="android.support.FILE_PROVIDER_PATHS"
174-->[:react-native-image-picker] AndroidManifest.xml:16:17-67
175                android:resource="@xml/imagepicker_provider_paths" />
175-->[:react-native-image-picker] AndroidManifest.xml:17:17-67
176        </provider>
177        <provider
177-->[:react-native-webview] AndroidManifest.xml:10:9-18:20
178            android:name="com.reactnativecommunity.webview.RNCWebViewFileProvider"
178-->[:react-native-webview] AndroidManifest.xml:11:13-83
179            android:authorities="com.kinengodriver.fileprovider"
179-->[:react-native-webview] AndroidManifest.xml:12:13-64
180            android:exported="false"
180-->[:react-native-webview] AndroidManifest.xml:13:13-37
181            android:grantUriPermissions="true" >
181-->[:react-native-webview] AndroidManifest.xml:14:13-47
182            <meta-data
182-->[:react-native-image-picker] AndroidManifest.xml:15:13-17:70
183                android:name="android.support.FILE_PROVIDER_PATHS"
183-->[:react-native-image-picker] AndroidManifest.xml:16:17-67
184                android:resource="@xml/file_provider_paths" />
184-->[:react-native-image-picker] AndroidManifest.xml:17:17-67
185        </provider>
186        <provider
186-->[androidx.work:work-runtime:2.7.1] AndroidManifest.xml:31:9-39:20
187            android:name="androidx.startup.InitializationProvider"
187-->[androidx.work:work-runtime:2.7.1] AndroidManifest.xml:32:13-67
188            android:authorities="com.kinengodriver.androidx-startup"
188-->[androidx.work:work-runtime:2.7.1] AndroidManifest.xml:33:13-68
189            android:exported="false" >
189-->[androidx.work:work-runtime:2.7.1] AndroidManifest.xml:34:13-37
190            <meta-data
190-->[androidx.work:work-runtime:2.7.1] AndroidManifest.xml:36:13-38:52
191                android:name="androidx.work.WorkManagerInitializer"
191-->[androidx.work:work-runtime:2.7.1] AndroidManifest.xml:37:17-68
192                android:value="androidx.startup" />
192-->[androidx.work:work-runtime:2.7.1] AndroidManifest.xml:38:17-49
193            <meta-data
193-->[androidx.emoji2:emoji2:1.0.0] AndroidManifest.xml:31:13-33:52
194                android:name="androidx.emoji2.text.EmojiCompatInitializer"
194-->[androidx.emoji2:emoji2:1.0.0] AndroidManifest.xml:32:17-75
195                android:value="androidx.startup" />
195-->[androidx.emoji2:emoji2:1.0.0] AndroidManifest.xml:33:17-49
196            <meta-data
196-->[androidx.lifecycle:lifecycle-process:2.4.0] AndroidManifest.xml:31:13-33:52
197                android:name="androidx.lifecycle.ProcessLifecycleInitializer"
197-->[androidx.lifecycle:lifecycle-process:2.4.0] AndroidManifest.xml:32:17-78
198                android:value="androidx.startup" />
198-->[androidx.lifecycle:lifecycle-process:2.4.0] AndroidManifest.xml:33:17-49
199        </provider>
200
201        <service
201-->[androidx.work:work-runtime:2.7.1] AndroidManifest.xml:41:9-46:35
202            android:name="androidx.work.impl.background.systemalarm.SystemAlarmService"
202-->[androidx.work:work-runtime:2.7.1] AndroidManifest.xml:42:13-88
203            android:directBootAware="false"
203-->[androidx.work:work-runtime:2.7.1] AndroidManifest.xml:43:13-44
204            android:enabled="@bool/enable_system_alarm_service_default"
204-->[androidx.work:work-runtime:2.7.1] AndroidManifest.xml:44:13-72
205            android:exported="false" />
205-->[androidx.work:work-runtime:2.7.1] AndroidManifest.xml:45:13-37
206        <service
206-->[androidx.work:work-runtime:2.7.1] AndroidManifest.xml:47:9-53:35
207            android:name="androidx.work.impl.background.systemjob.SystemJobService"
207-->[androidx.work:work-runtime:2.7.1] AndroidManifest.xml:48:13-84
208            android:directBootAware="false"
208-->[androidx.work:work-runtime:2.7.1] AndroidManifest.xml:49:13-44
209            android:enabled="@bool/enable_system_job_service_default"
209-->[androidx.work:work-runtime:2.7.1] AndroidManifest.xml:50:13-70
210            android:exported="true"
210-->[androidx.work:work-runtime:2.7.1] AndroidManifest.xml:51:13-36
211            android:permission="android.permission.BIND_JOB_SERVICE" />
211-->[androidx.work:work-runtime:2.7.1] AndroidManifest.xml:52:13-69
212        <service
212-->[androidx.work:work-runtime:2.7.1] AndroidManifest.xml:54:9-59:35
213            android:name="androidx.work.impl.foreground.SystemForegroundService"
213-->[androidx.work:work-runtime:2.7.1] AndroidManifest.xml:55:13-81
214            android:directBootAware="false"
214-->[androidx.work:work-runtime:2.7.1] AndroidManifest.xml:56:13-44
215            android:enabled="@bool/enable_system_foreground_service_default"
215-->[androidx.work:work-runtime:2.7.1] AndroidManifest.xml:57:13-77
216            android:exported="false" />
216-->[androidx.work:work-runtime:2.7.1] AndroidManifest.xml:58:13-37
217
218        <receiver
218-->[androidx.work:work-runtime:2.7.1] AndroidManifest.xml:61:9-66:35
219            android:name="androidx.work.impl.utils.ForceStopRunnable$BroadcastReceiver"
219-->[androidx.work:work-runtime:2.7.1] AndroidManifest.xml:62:13-88
220            android:directBootAware="false"
220-->[androidx.work:work-runtime:2.7.1] AndroidManifest.xml:63:13-44
221            android:enabled="true"
221-->[androidx.work:work-runtime:2.7.1] AndroidManifest.xml:64:13-35
222            android:exported="false" />
222-->[androidx.work:work-runtime:2.7.1] AndroidManifest.xml:65:13-37
223        <receiver
223-->[androidx.work:work-runtime:2.7.1] AndroidManifest.xml:67:9-77:20
224            android:name="androidx.work.impl.background.systemalarm.ConstraintProxy$BatteryChargingProxy"
224-->[androidx.work:work-runtime:2.7.1] AndroidManifest.xml:68:13-106
225            android:directBootAware="false"
225-->[androidx.work:work-runtime:2.7.1] AndroidManifest.xml:69:13-44
226            android:enabled="false"
226-->[androidx.work:work-runtime:2.7.1] AndroidManifest.xml:70:13-36
227            android:exported="false" >
227-->[androidx.work:work-runtime:2.7.1] AndroidManifest.xml:71:13-37
228            <intent-filter>
228-->[androidx.work:work-runtime:2.7.1] AndroidManifest.xml:73:13-76:29
229                <action android:name="android.intent.action.ACTION_POWER_CONNECTED" />
229-->[androidx.work:work-runtime:2.7.1] AndroidManifest.xml:74:17-87
229-->[androidx.work:work-runtime:2.7.1] AndroidManifest.xml:74:25-84
230                <action android:name="android.intent.action.ACTION_POWER_DISCONNECTED" />
230-->[androidx.work:work-runtime:2.7.1] AndroidManifest.xml:75:17-90
230-->[androidx.work:work-runtime:2.7.1] AndroidManifest.xml:75:25-87
231            </intent-filter>
232        </receiver>
233        <receiver
233-->[androidx.work:work-runtime:2.7.1] AndroidManifest.xml:78:9-88:20
234            android:name="androidx.work.impl.background.systemalarm.ConstraintProxy$BatteryNotLowProxy"
234-->[androidx.work:work-runtime:2.7.1] AndroidManifest.xml:79:13-104
235            android:directBootAware="false"
235-->[androidx.work:work-runtime:2.7.1] AndroidManifest.xml:80:13-44
236            android:enabled="false"
236-->[androidx.work:work-runtime:2.7.1] AndroidManifest.xml:81:13-36
237            android:exported="false" >
237-->[androidx.work:work-runtime:2.7.1] AndroidManifest.xml:82:13-37
238            <intent-filter>
238-->[androidx.work:work-runtime:2.7.1] AndroidManifest.xml:84:13-87:29
239                <action android:name="android.intent.action.BATTERY_OKAY" />
239-->[androidx.work:work-runtime:2.7.1] AndroidManifest.xml:85:17-77
239-->[androidx.work:work-runtime:2.7.1] AndroidManifest.xml:85:25-74
240                <action android:name="android.intent.action.BATTERY_LOW" />
240-->[androidx.work:work-runtime:2.7.1] AndroidManifest.xml:86:17-76
240-->[androidx.work:work-runtime:2.7.1] AndroidManifest.xml:86:25-73
241            </intent-filter>
242        </receiver>
243        <receiver
243-->[androidx.work:work-runtime:2.7.1] AndroidManifest.xml:89:9-99:20
244            android:name="androidx.work.impl.background.systemalarm.ConstraintProxy$StorageNotLowProxy"
244-->[androidx.work:work-runtime:2.7.1] AndroidManifest.xml:90:13-104
245            android:directBootAware="false"
245-->[androidx.work:work-runtime:2.7.1] AndroidManifest.xml:91:13-44
246            android:enabled="false"
246-->[androidx.work:work-runtime:2.7.1] AndroidManifest.xml:92:13-36
247            android:exported="false" >
247-->[androidx.work:work-runtime:2.7.1] AndroidManifest.xml:93:13-37
248            <intent-filter>
248-->[androidx.work:work-runtime:2.7.1] AndroidManifest.xml:95:13-98:29
249                <action android:name="android.intent.action.DEVICE_STORAGE_LOW" />